# JRE version: Java(TM) SE Runtime Environment (17.0.1+12) (build 17.0.1+12-LTS-39)
# Java VM: Java HotSpot(TM) 64-Bit Server VM (17.0.1+12-LTS-39, mixed mode, sharing, tiered, compressed oops, compressed class ptrs, g1 gc, windows-amd64)
GC Precious Log:
 CPUs: 4 total, 4 available
 Memory: 12153M
 Large Page Support: Disabled
 NUMA Support: Disabled
 Compressed Oops: Enabled (Zero based)
 Heap Region Size: 2M
 Heap Min Capacity: 8M
 Heap Initial Capacity: 190M
 Heap Max Capacity: 3040M
 Pre-touch: Disabled
 Parallel Workers: 4
 Concurrent Workers: 1
 Concurrent Refinement Workers: 4
 Periodic GC: Disabled
Heap:
 garbage-first heap   total 362496K, used 127993K [0x0000000742000000, 0x0000000800000000)
  region size 2048K, 2 young (4096K), 2 survivors (4096K)
 Metaspace       used 152K, committed 384K, reserved 1056768K
  class space    used 3K, committed 128K, reserved 1048576K
GC Heap History (17 events):
Event: 1.745 GC heap before
{Heap before GC invocations=0 (full 0):
 garbage-first heap   total 194560K, used 12288K [0x0000000742000000, 0x0000000800000000)
  region size 2048K, 6 young (12288K), 0 survivors (0K)
 Metaspace       used 152K, committed 384K, reserved 1056768K
  class space    used 3K, committed 128K, reserved 1048576K
}
Event: 2.173 GC heap after
{Heap after GC invocations=1 (full 0):
 garbage-first heap   total 194560K, used 11704K [0x0000000742000000, 0x0000000800000000)
  region size 2048K, 1 young (2048K), 1 survivors (2048K)
 Metaspace       used 152K, committed 384K, reserved 1056768K
  class space    used 3K, committed 128K, reserved 1048576K
}
Event: 3.724 GC heap before
{Heap before GC invocations=1 (full 0):
 garbage-first heap   total 194560K, used 17848K [0x0000000742000000, 0x0000000800000000)
  region size 2048K, 4 young (8192K), 1 survivors (2048K)
 Metaspace       used 152K, committed 384K, reserved 1056768K
  class space    used 3K, committed 128K, reserved 1048576K
}
Event: 3.745 GC heap after
{Heap after GC invocations=2 (full 0):
 garbage-first heap   total 194560K, used 18432K [0x0000000742000000, 0x0000000800000000)
  region size 2048K, 1 young (2048K), 1 survivors (2048K)
 Metaspace       used 152K, committed 384K, reserved 1056768K
  class space    used 3K, committed 128K, reserved 1048576K
}
Event: 4.168 GC heap before
{Heap before GC invocations=2 (full 0):
 garbage-first heap   total 194560K, used 24576K [0x0000000742000000, 0x0000000800000000)
  region size 2048K, 4 young (8192K), 1 survivors (2048K)
 Metaspace       used 152K, committed 384K, reserved 1056768K
  class space    used 3K, committed 128K, reserved 1048576K
}
Event: 4.182 GC heap after
{Heap after GC invocations=3 (full 0):
 garbage-first heap   total 194560K, used 25275K [0x0000000742000000, 0x0000000800000000)
  region size 2048K, 1 young (2048K), 1 survivors (2048K)
 Metaspace       used 152K, committed 384K, reserved 1056768K
  class space    used 3K, committed 128K, reserved 1048576K
}
Event: 4.528 GC heap before
{Heap before GC invocations=3 (full 0):
 garbage-first heap   total 194560K, used 31419K [0x0000000742000000, 0x0000000800000000)
  region size 2048K, 4 young (8192K), 1 survivors (2048K)
 Metaspace       used 152K, committed 384K, reserved 1056768K
  class space    used 3K, committed 128K, reserved 1048576K
}
Event: 4.542 GC heap after
{Heap after GC invocations=4 (full 0):
 garbage-first heap   total 194560K, used 31986K [0x0000000742000000, 0x0000000800000000)
  region size 2048K, 1 young (2048K), 1 survivors (2048K)
 Metaspace       used 152K, committed 384K, reserved 1056768K
  class space    used 3K, committed 128K, reserved 1048576K
}
Event: 4.720 GC heap before
{Heap before GC invocations=4 (full 0):
 garbage-first heap   total 194560K, used 40178K [0x0000000742000000, 0x0000000800000000)
  region size 2048K, 5 young (10240K), 1 survivors (2048K)
 Metaspace       used 152K, committed 384K, reserved 1056768K
  class space    used 3K, committed 128K, reserved 1048576K
}
Event: 4.805 GC heap after
{Heap after GC invocations=5 (full 0):
 garbage-first heap   total 362496K, used 40762K [0x0000000742000000, 0x0000000800000000)
  region size 2048K, 1 young (2048K), 1 survivors (2048K)
 Metaspace       used 152K, committed 384K, reserved 1056768K
  class space    used 3K, committed 128K, reserved 1048576K
}
Event: 5.053 GC heap before
{Heap before GC invocations=5 (full 0):
 garbage-first heap   total 362496K, used 55098K [0x0000000742000000, 0x0000000800000000)
  region size 2048K, 8 young (16384K), 1 survivors (2048K)
 Metaspace       used 152K, committed 384K, reserved 1056768K
  class space    used 3K, committed 128K, reserved 1048576K
}
Event: 5.081 GC heap after
{Heap after GC invocations=6 (full 0):
 garbage-first heap   total 362496K, used 56062K [0x0000000742000000, 0x0000000800000000)
  region size 2048K, 1 young (2048K), 1 survivors (2048K)
 Metaspace       used 152K, committed 384K, reserved 1056768K
  class space    used 3K, committed 128K, reserved 1048576K
}
Event: 6.475 GC heap before
{Heap before GC invocations=6 (full 0):
 garbage-first heap   total 362496K, used 72446K [0x0000000742000000, 0x0000000800000000)
  region size 2048K, 9 young (18432K), 1 survivors (2048K)
 Metaspace       used 152K, committed 384K, reserved 1056768K
  class space    used 3K, committed 128K, reserved 1048576K
}
Event: 6.508 GC heap after
{Heap after GC invocations=7 (full 0):
 garbage-first heap   total 362496K, used 73576K [0x0000000742000000, 0x0000000800000000)
  region size 2048K, 2 young (4096K), 2 survivors (4096K)
 Metaspace       used 152K, committed 384K, reserved 1056768K
  class space    used 3K, committed 128K, reserved 1048576K
}
Event: 9.118 GC heap before
{Heap before GC invocations=7 (full 0):
 garbage-first heap   total 362496K, used 96104K [0x0000000742000000, 0x0000000800000000)
  region size 2048K, 13 young (26624K), 2 survivors (4096K)
 Metaspace       used 152K, committed 384K, reserved 1056768K
  class space    used 3K, committed 128K, reserved 1048576K
}
Event: 9.189 GC heap after
{Heap after GC invocations=8 (full 0):
 garbage-first heap   total 362496K, used 97645K [0x0000000742000000, 0x0000000800000000)
  region size 2048K, 2 young (4096K), 2 survivors (4096K)
 Metaspace       used 152K, committed 384K, reserved 1056768K
  class space    used 3K, committed 128K, reserved 1048576K
}
Event: 13.407 GC heap before
{Heap before GC invocations=8 (full 0):
 garbage-first heap   total 362496K, used 126317K [0x0000000742000000, 0x0000000800000000)
  region size 2048K, 16 young (32768K), 2 survivors (4096K)
 Metaspace       used 152K, committed 384K, reserved 1056768K
  class space    used 3K, committed 128K, reserved 1048576K
}

